ERROR:root:Exception while sending command.
Traceback (most recent call last):
  File "/home/jg/Documentos/projects/SD/spark/python/lib/py4j-0.10.9.9-src.zip/py4j/clientserver.py", line 535, in send_command
    answer = smart_decode(self.stream.readline()[:-1])
                          ~~~~~~~~~~~~~~~~~~~~^^
RuntimeError: reentrant call inside <_io.BufferedReader name=3>

During handling of the above exception, another exception occurred:

Traceback (most recent call last):
  File "/home/jg/Documentos/projects/SD/spark/python/lib/py4j-0.10.9.9-src.zip/py4j/java_gateway.py", line 1038, in send_command
    response = connection.send_command(command)
  File "/home/jg/Documentos/projects/SD/spark/python/lib/py4j-0.10.9.9-src.zip/py4j/clientserver.py", line 566, in send_command
    raise Py4JNetworkError(
        "Error while sending or receiving", e, proto.ERROR_ON_RECEIVE)
py4j.protocol.Py4JNetworkError: Error while sending or receiving
ERROR:root:Exception while sending command.
Traceback (most recent call last):
  File "/home/jg/Documentos/projects/SD/spark/python/lib/py4j-0.10.9.9-src.zip/py4j/clientserver.py", line 535, in send_command
    answer = smart_decode(self.stream.readline()[:-1])
                          ~~~~~~~~~~~~~~~~~~~~^^
  File "/usr/lib64/python3.13/socket.py", line 719, in readinto
    return self._sock.recv_into(b)
           ~~~~~~~~~~~~~~~~~~~~^^^
  File "/home/jg/Documentos/projects/SD/spark/python/lib/pyspark.zip/pyspark/core/context.py", line 389, in signal_handler
    self.cancelAllJobs()
    ~~~~~~~~~~~~~~~~~~^^
  File "/home/jg/Documentos/projects/SD/spark/python/lib/pyspark.zip/pyspark/core/context.py", line 2487, in cancelAllJobs
    self._jsc.sc().cancelAllJobs()
    ~~~~~~~~~~~~^^
  File "/home/jg/Documentos/projects/SD/spark/python/lib/py4j-0.10.9.9-src.zip/py4j/java_gateway.py", line 1362, in __call__
    return_value = get_return_value(
        answer, self.gateway_client, self.target_id, self.name)
  File "/home/jg/Documentos/projects/SD/spark/python/lib/py4j-0.10.9.9-src.zip/py4j/protocol.py", line 335, in get_return_value
    raise Py4JError(
        "An error occurred while calling {0}{1}{2}".
        format(target_id, ".", name))
py4j.protocol.Py4JError: An error occurred while calling o14.sc

During handling of the above exception, another exception occurred:

Traceback (most recent call last):
  File "/home/jg/Documentos/projects/SD/spark/python/lib/py4j-0.10.9.9-src.zip/py4j/java_gateway.py", line 1038, in send_command
    response = connection.send_command(command)
  File "/home/jg/Documentos/projects/SD/spark/python/lib/py4j-0.10.9.9-src.zip/py4j/clientserver.py", line 566, in send_command
    raise Py4JNetworkError(
        "Error while sending or receiving", e, proto.ERROR_ON_RECEIVE)
py4j.protocol.Py4JNetworkError: Error while sending or receiving
Traceback (most recent call last):
  File "/home/jg/Documentos/projects/SD/spark_matrix_vector.py", line 27, in <module>
    spark = SparkSession.builder.appName("MatrixVectorMultiplication").getOrCreate()
  File "/home/jg/Documentos/projects/SD/spark/python/lib/pyspark.zip/pyspark/sql/session.py", line 559, in getOrCreate
    session = SparkSession(sc, options=self._options)
  File "/home/jg/Documentos/projects/SD/spark/python/lib/pyspark.zip/pyspark/sql/session.py", line 641, in __init__
    jsparkSession = jSparkSessionClass(self._jsc.sc(), options)
  File "/home/jg/Documentos/projects/SD/spark/python/lib/py4j-0.10.9.9-src.zip/py4j/java_gateway.py", line 1627, in __call__
    return_value = get_return_value(
        answer, self._gateway_client, None, self._fqn)
  File "/home/jg/Documentos/projects/SD/spark/python/lib/py4j-0.10.9.9-src.zip/py4j/protocol.py", line 335, in get_return_value
    raise Py4JError(
        "An error occurred while calling {0}{1}{2}".
        format(target_id, ".", name))
py4j.protocol.Py4JError: An error occurred while calling None.org.apache.spark.sql.classic.SparkSession
Iniciando multiplicação de matriz 4000x4000...
Multiplicação concluída.
Tempo de execução: 1.9352 segundos
